[ Info: Ensemble member forecast
[ Info:   Cycle: 1
[ Info:   Members: 5 to 8
[ Info:   Ensemble dir: /pscratch/sd/g/glwagner/DataAssimilocean/single_gpu_da/distributed_da
[ Info:   Output dir: /pscratch/sd/g/glwagner/DataAssimilocean/single_gpu_da/distributed_da
[ Info:   Time window: 0.0 to 1.0 days
[ Info: Creating grid...
[ Info: Created grid: 400 × 280 × 50 at 0.25° resolution
[ Info: Loading cached bathymetry from /pscratch/sd/g/glwagner/DataAssimilocean/single_gpu_da/spinup/bathymetry_400x280.jld2
[ Info: Creating ocean model...
┌ Warning: Split barotropic-baroclinic time stepping with SplitRungeKutta3TimeStepper is experimental.
│ Use at own risk, and report any issues encountered at https://github.com/CliMA/Oceananigans.jl/issues.
└ @ Oceananigans.TimeSteppers ~/.julia/packages/Oceananigans/dV6yg/src/TimeSteppers/split_hydrostatic_runge_kutta_3.jl:59
[ Info: Setting up atmosphere...
[ Info: Loading member 5 for warm-up compilation...
[ Info: Compiling (warm-up timestep)...
[ Info: Initializing simulation...
[ Info:     ... simulation initialization complete (2.423 minutes)
[ Info: Executing initial time step...
[ Info: Simulation is stopping after running for 0 seconds.
[ Info: Simulation time 5 minutes equals or exceeds stop time 5 minutes.
[ Info:     ... initial time step complete (2.013 minutes).
[ Info: Compilation complete.
┌ Warning: Assignment to `state` in soft scope is ambiguous because a global variable by the same name exists: `state` will be treated as a new local. Disambiguate by using `local state` to suppress this warning or `global state` to assign to the existing global variable.
└ @ /global/u1/g/glwagner/DataAssimilocean.jl/single_gpu_da/distributed_da/ensemble_member.jl:100
[ Info: === Member 5 (cycle 1) ===
[ Info: Initializing simulation...
[ Info:     ... simulation initialization complete (23.510 ms)
[ Info: Executing initial time step...
[ Info:     ... initial time step complete (111.955 ms).
[ Info: Simulation is stopping after running for 17.165 seconds.
[ Info: Simulation time 1 day equals or exceeds stop time 1 day.
[ Info:   Member 5 done. T range: (-1.6877717946264, 33.627599469979856)
[ Info: === Member 6 (cycle 1) ===
[ Info: Initializing simulation...
[ Info:     ... simulation initialization complete (24.624 ms)
[ Info: Executing initial time step...
[ Info:     ... initial time step complete (62.476 ms).
[ Info: Simulation is stopping after running for 17.474 seconds.
[ Info: Simulation time 1 day equals or exceeds stop time 1 day.
[ Info:   Member 6 done. T range: (-1.3843218235127093, 33.46829776157608)
[ Info: === Member 7 (cycle 1) ===
[ Info: Initializing simulation...
[ Info:     ... simulation initialization complete (18.811 ms)
[ Info: Executing initial time step...
[ Info:     ... initial time step complete (60.802 ms).
[ Info: Simulation is stopping after running for 17.406 seconds.
[ Info: Simulation time 1 day equals or exceeds stop time 1 day.
[ Info:   Member 7 done. T range: (-1.85505041401399, 33.44713163780358)
[ Info: === Member 8 (cycle 1) ===
[ Info: Initializing simulation...
[ Info:     ... simulation initialization complete (18.836 ms)
[ Info: Executing initial time step...
[ Info:     ... initial time step complete (60.847 ms).
[ Info: Simulation is stopping after running for 17.431 seconds.
[ Info: Simulation time 1 day equals or exceeds stop time 1 day.
[ Info:   Member 8 done. T range: (-1.88601936694204, 33.465962461212605)
[ Info: Member forecast complete. Members 5:8 saved to /pscratch/sd/g/glwagner/DataAssimilocean/single_gpu_da/distributed_da/forecast_01
