[ Info: ETKF Analysis
[ Info:   Cycle: 2 / 2
[ Info:   Ensemble size: 10
[ Info:   Ensemble dir: /pscratch/sd/g/glwagner/DataAssimilocean/single_gpu_da/distributed_da
[ Info:   Output dir: /pscratch/sd/g/glwagner/DataAssimilocean/single_gpu_da/distributed_da
[ Info:   Diagnostics dir: /pscratch/sd/g/glwagner/DataAssimilocean/single_gpu_da/distributed_da/diagnostics
[ Info:   Analysis time: day 2.0
[ Info: Created grid: 400 × 280 × 50 at 0.25° resolution
[ Info: Loading cached bathymetry from /pscratch/sd/g/glwagner/DataAssimilocean/single_gpu_da/spinup/bathymetry_400x280.jld2
[ Info: Loading 10 member forecasts from /pscratch/sd/g/glwagner/DataAssimilocean/single_gpu_da/distributed_da/forecast_02...
[ Info: Loading nature run 3D tracers...
[ Info: Loading nature surface observations...
[ Info: Loading free run surface fields...
[ Info:   Free run SST RMSE=0.9743 C
[ Info:   DA forecast SST RMSE=1.1566 C, spread=0.0357 C
[ Info:   Valid obs: 2418 / 4712 (76 profiles)
[ Info:   Analysis: SST RMSE=1.7196 C
[ Info: Analysis states saved to /pscratch/sd/g/glwagner/DataAssimilocean/single_gpu_da/distributed_da/cycle_02
[ Info: Cycle diagnostics saved to /pscratch/sd/g/glwagner/DataAssimilocean/single_gpu_da/distributed_da/diagnostics/cycle_02_diagnostics.jld2
[ Info: Final cycle! Aggregating diagnostics...
[ Info: Aggregated diagnostics saved.
[ Info: Generating DA diagnostic plots...
[ Info: RMSE comparison plot saved
[ Info: Ensemble spread plot saved
[ Info: Distributed DA complete!
[ Info:   Final free run SST RMSE: 0.9743 C
[ Info:   Final forecast SST RMSE: 1.1566 C
[ Info:   Final analysis SST RMSE: 1.7196 C
[ Info: Analysis cycle 2 complete.
