[ Info: Ensemble member forecast
[ Info:   Cycle: 2
[ Info:   Members: 5 to 8
[ Info:   Ensemble dir: /pscratch/sd/g/glwagner/DataAssimilocean/single_gpu_da/distributed_da
[ Info:   Output dir: /pscratch/sd/g/glwagner/DataAssimilocean/single_gpu_da/distributed_da
[ Info:   Time window: 1.0 to 2.0 days
[ Info: Creating grid...
[ Info: Created grid: 400 × 280 × 50 at 0.25° resolution
[ Info: Loading cached bathymetry from /pscratch/sd/g/glwagner/DataAssimilocean/single_gpu_da/spinup/bathymetry_400x280.jld2
[ Info: Creating ocean model...
┌ Warning: Split barotropic-baroclinic time stepping with SplitRungeKutta3TimeStepper is experimental.
│ Use at own risk, and report any issues encountered at https://github.com/CliMA/Oceananigans.jl/issues.
└ @ Oceananigans.TimeSteppers ~/.julia/packages/Oceananigans/dV6yg/src/TimeSteppers/split_hydrostatic_runge_kutta_3.jl:59
[ Info: Setting up atmosphere...
[ Info: Loading member 5 for warm-up compilation...
[ Info: Compiling (warm-up timestep)...
[ Info: Initializing simulation...
[ Info:     ... simulation initialization complete (2.232 minutes)
[ Info: Executing initial time step...
[ Info: Simulation is stopping after running for 0 seconds.
[ Info: Simulation time 1.003 days equals or exceeds stop time 1.003 days.
[ Info:     ... initial time step complete (1.868 minutes).
[ Info: Compilation complete.
┌ Warning: Assignment to `state` in soft scope is ambiguous because a global variable by the same name exists: `state` will be treated as a new local. Disambiguate by using `local state` to suppress this warning or `global state` to assign to the existing global variable.
└ @ /global/u1/g/glwagner/DataAssimilocean.jl/single_gpu_da/distributed_da/ensemble_member.jl:100
[ Info: === Member 5 (cycle 2) ===
[ Info: Initializing simulation...
[ Info:     ... simulation initialization complete (22.386 ms)
[ Info: Executing initial time step...
[ Info:     ... initial time step complete (65.571 ms).
[ Info: time = 116400.0, iteration = 100: NaN found in field u_ocean. Stopping simulation.
[ Info:   Member 5 done. T range: (NaN, NaN)
[ Info: === Member 6 (cycle 2) ===
[ Info: Initializing simulation...
[ Info:     ... simulation initialization complete (19.393 ms)
[ Info: Executing initial time step...
[ Info:     ... initial time step complete (60.580 ms).
[ Info: time = 116400.0, iteration = 100: NaN found in field u_ocean. Stopping simulation.
[ Info:   Member 6 done. T range: (NaN, NaN)
[ Info: === Member 7 (cycle 2) ===
[ Info: Initializing simulation...
[ Info:     ... simulation initialization complete (19.192 ms)
[ Info: Executing initial time step...
[ Info:     ... initial time step complete (58.070 ms).
[ Info: time = 116400.0, iteration = 100: NaN found in field u_ocean. Stopping simulation.
[ Info:   Member 7 done. T range: (NaN, NaN)
[ Info: === Member 8 (cycle 2) ===
[ Info: Initializing simulation...
[ Info:     ... simulation initialization complete (19.039 ms)
[ Info: Executing initial time step...
[ Info:     ... initial time step complete (57.712 ms).
[ Info: time = 116400.0, iteration = 100: NaN found in field u_ocean. Stopping simulation.
[ Info:   Member 8 done. T range: (NaN, NaN)
[ Info: Member forecast complete. Members 5:8 saved to /pscratch/sd/g/glwagner/DataAssimilocean/single_gpu_da/distributed_da/forecast_02
