[ Info: Ensemble member forecast
[ Info:   Cycle: 2
[ Info:   Members: 5 to 8
[ Info:   Ensemble dir: /pscratch/sd/g/glwagner/DataAssimilocean/single_gpu_da/distributed_da
[ Info:   Output dir: /pscratch/sd/g/glwagner/DataAssimilocean/single_gpu_da/distributed_da
[ Info:   Time window: 1.0 to 2.0 days
[ Info: Creating grid...
[ Info: Created grid: 400 × 280 × 50 at 0.25° resolution
[ Info: Loading cached bathymetry from /pscratch/sd/g/glwagner/DataAssimilocean/single_gpu_da/spinup/bathymetry_400x280.jld2
[ Info: Creating ocean model...
┌ Warning: Split barotropic-baroclinic time stepping with SplitRungeKutta3TimeStepper is experimental.
│ Use at own risk, and report any issues encountered at https://github.com/CliMA/Oceananigans.jl/issues.
└ @ Oceananigans.TimeSteppers ~/.julia/packages/Oceananigans/dV6yg/src/TimeSteppers/split_hydrostatic_runge_kutta_3.jl:59
[ Info: Setting up atmosphere...
[ Info: Loading member 5 for warm-up compilation...
[ Info: Compiling (warm-up timestep)...
[ Info: Initializing simulation...
[ Info:     ... simulation initialization complete (2.383 minutes)
[ Info: Executing initial time step...
[ Info: Simulation is stopping after running for 0 seconds.
[ Info: Simulation time 1.003 days equals or exceeds stop time 1.003 days.
[ Info:     ... initial time step complete (1.952 minutes).
[ Info: Compilation complete.
┌ Warning: Assignment to `state` in soft scope is ambiguous because a global variable by the same name exists: `state` will be treated as a new local. Disambiguate by using `local state` to suppress this warning or `global state` to assign to the existing global variable.
└ @ /global/u1/g/glwagner/DataAssimilocean.jl/single_gpu_da/distributed_da/ensemble_member.jl:100
[ Info: === Member 5 (cycle 2) ===
[ Info: Initializing simulation...
[ Info:     ... simulation initialization complete (20.405 ms)
[ Info: Executing initial time step...
[ Info:     ... initial time step complete (63.942 ms).
[ Info: Simulation is stopping after running for 16.883 seconds.
[ Info: Simulation time 2 days equals or exceeds stop time 2 days.
[ Info:   Member 5 done. T range: (-1.99106922139789, 36.058853022443884)
[ Info: === Member 6 (cycle 2) ===
[ Info: Initializing simulation...
[ Info:     ... simulation initialization complete (20.193 ms)
[ Info: Executing initial time step...
[ Info:     ... initial time step complete (64.258 ms).
[ Info: Simulation is stopping after running for 17.131 seconds.
[ Info: Simulation time 2 days equals or exceeds stop time 2 days.
[ Info:   Member 6 done. T range: (-2.0125711767914494, 36.01773421772212)
[ Info: === Member 7 (cycle 2) ===
[ Info: Initializing simulation...
[ Info:     ... simulation initialization complete (18.580 ms)
[ Info: Executing initial time step...
[ Info:     ... initial time step complete (59.186 ms).
[ Info: Simulation is stopping after running for 17.125 seconds.
[ Info: Simulation time 2 days equals or exceeds stop time 2 days.
[ Info:   Member 7 done. T range: (-1.9103006168950722, 35.86500822145992)
[ Info: === Member 8 (cycle 2) ===
[ Info: Initializing simulation...
[ Info:     ... simulation initialization complete (18.737 ms)
[ Info: Executing initial time step...
[ Info:     ... initial time step complete (59.221 ms).
[ Info: Simulation is stopping after running for 17.075 seconds.
[ Info: Simulation time 2 days equals or exceeds stop time 2 days.
[ Info:   Member 8 done. T range: (-1.9619213374275684, 36.46621029170623)
[ Info: Member forecast complete. Members 5:8 saved to /pscratch/sd/g/glwagner/DataAssimilocean/single_gpu_da/distributed_da/forecast_02
