[ Info: Ensemble member forecast
[ Info:   Cycle: 2
[ Info:   Members: 1 to 4
[ Info:   Ensemble dir: /pscratch/sd/g/glwagner/DataAssimilocean/single_gpu_da/distributed_da
[ Info:   Output dir: /pscratch/sd/g/glwagner/DataAssimilocean/single_gpu_da/distributed_da
[ Info:   Time window: 1.0 to 2.0 days
[ Info: Creating grid...
[ Info: Created grid: 400 × 280 × 50 at 0.25° resolution
[ Info: Loading cached bathymetry from /pscratch/sd/g/glwagner/DataAssimilocean/single_gpu_da/spinup/bathymetry_400x280.jld2
[ Info: Creating ocean model...
┌ Warning: Split barotropic-baroclinic time stepping with SplitRungeKutta3TimeStepper is experimental.
│ Use at own risk, and report any issues encountered at https://github.com/CliMA/Oceananigans.jl/issues.
└ @ Oceananigans.TimeSteppers ~/.julia/packages/Oceananigans/dV6yg/src/TimeSteppers/split_hydrostatic_runge_kutta_3.jl:59
[ Info: Setting up atmosphere...
[ Info: Loading member 1 for warm-up compilation...
[ Info: Compiling (warm-up timestep)...
[ Info: Initializing simulation...
[ Info:     ... simulation initialization complete (2.399 minutes)
[ Info: Executing initial time step...
[ Info: Simulation is stopping after running for 0 seconds.
[ Info: Simulation time 1.003 days equals or exceeds stop time 1.003 days.
[ Info:     ... initial time step complete (1.975 minutes).
[ Info: Compilation complete.
┌ Warning: Assignment to `state` in soft scope is ambiguous because a global variable by the same name exists: `state` will be treated as a new local. Disambiguate by using `local state` to suppress this warning or `global state` to assign to the existing global variable.
└ @ /global/u1/g/glwagner/DataAssimilocean.jl/single_gpu_da/distributed_da/ensemble_member.jl:100
[ Info: === Member 1 (cycle 2) ===
[ Info: Initializing simulation...
[ Info:     ... simulation initialization complete (20.717 ms)
[ Info: Executing initial time step...
[ Info:     ... initial time step complete (64.282 ms).
[ Info: Simulation is stopping after running for 16.836 seconds.
[ Info: Simulation time 2 days equals or exceeds stop time 2 days.
[ Info:   Member 1 done. T range: (-1.909270829121311, 35.994462796562324)
[ Info: === Member 2 (cycle 2) ===
[ Info: Initializing simulation...
[ Info:     ... simulation initialization complete (20.229 ms)
[ Info: Executing initial time step...
[ Info:     ... initial time step complete (63.981 ms).
[ Info: Simulation is stopping after running for 17.133 seconds.
[ Info: Simulation time 2 days equals or exceeds stop time 2 days.
[ Info:   Member 2 done. T range: (-2.009201329388325, 36.59129824388202)
[ Info: === Member 3 (cycle 2) ===
[ Info: Initializing simulation...
[ Info:     ... simulation initialization complete (18.655 ms)
[ Info: Executing initial time step...
[ Info:     ... initial time step complete (59.486 ms).
[ Info: Simulation is stopping after running for 17.068 seconds.
[ Info: Simulation time 2 days equals or exceeds stop time 2 days.
[ Info:   Member 3 done. T range: (-1.9281390119942148, 36.00277618313432)
[ Info: === Member 4 (cycle 2) ===
[ Info: Initializing simulation...
[ Info:     ... simulation initialization complete (63.110 ms)
[ Info: Executing initial time step...
[ Info:     ... initial time step complete (59.476 ms).
[ Info: Simulation is stopping after running for 17.199 seconds.
[ Info: Simulation time 2 days equals or exceeds stop time 2 days.
[ Info:   Member 4 done. T range: (-1.9143414268555514, 35.91084684273384)
[ Info: Member forecast complete. Members 1:4 saved to /pscratch/sd/g/glwagner/DataAssimilocean/single_gpu_da/distributed_da/forecast_02
