[ Info: ETKF Analysis
[ Info:   Cycle: 4 / 14
[ Info:   Ensemble size: 10
[ Info:   Ensemble dir: /pscratch/sd/g/glwagner/DataAssimilocean/single_gpu_da/distributed_da
[ Info:   Output dir: /pscratch/sd/g/glwagner/DataAssimilocean/single_gpu_da/distributed_da
[ Info:   Diagnostics dir: /pscratch/sd/g/glwagner/DataAssimilocean/single_gpu_da/distributed_da/diagnostics
[ Info:   Analysis time: day 4.0
[ Info: Created grid: 400 × 280 × 50 at 0.25° resolution
[ Info: Loading cached bathymetry from /pscratch/sd/g/glwagner/DataAssimilocean/single_gpu_da/spinup/bathymetry_400x280.jld2
[ Info: Loading 10 member forecasts from /pscratch/sd/g/glwagner/DataAssimilocean/single_gpu_da/distributed_da/forecast_04...
[ Info: Loading nature run 3D tracers...
[ Info: Loading nature surface observations...
[ Info: Loading free run surface fields...
[ Info:   Free run SST RMSE=0.9466 C
[ Info:   DA forecast SST RMSE=NaN C, spread=NaN C
[ Info:   Valid obs: 2852 / 4712 (76 profiles)
ERROR: LoadError: ArgumentError: matrix contains Infs or NaNs
Stacktrace:
 [1] chkuplofinite(A::Matrix{Float64}, uplo::Char)
   @ LinearAlgebra.LAPACK /global/common/software/nersc9/julia/1.11.7/share/julia/stdlib/v1.11/LinearAlgebra/src/lapack.jl:118
 [2] syevr!(jobz::Char, range::Char, uplo::Char, A::Matrix{Float64}, vl::Float64, vu::Float64, il::Int64, iu::Int64, abstol::Float64)
   @ LinearAlgebra.LAPACK /global/common/software/nersc9/julia/1.11.7/share/julia/stdlib/v1.11/LinearAlgebra/src/lapack.jl:5380
 [3] eigen!
   @ /global/common/software/nersc9/julia/1.11.7/share/julia/stdlib/v1.11/LinearAlgebra/src/symmetriceigen.jl:8 [inlined]
 [4] #eigen#280
   @ /global/common/software/nersc9/julia/1.11.7/share/julia/stdlib/v1.11/LinearAlgebra/src/symmetriceigen.jl:13 [inlined]
 [5] eigen
   @ /global/common/software/nersc9/julia/1.11.7/share/julia/stdlib/v1.11/LinearAlgebra/src/symmetriceigen.jl:11 [inlined]
 [6] compute_etkf_weights(Y_b::Matrix{Float64}, y_obs::Vector{Float64}, R_inv_diag::Vector{Float64})
   @ Main /global/u1/g/glwagner/DataAssimilocean.jl/single_gpu_da/distributed_da/da_utils.jl:73
 [7] top-level scope
   @ /global/u1/g/glwagner/DataAssimilocean.jl/single_gpu_da/distributed_da/etkf_analysis.jl:204
in expression starting at /global/u1/g/glwagner/DataAssimilocean.jl/single_gpu_da/distributed_da/etkf_analysis.jl:181
