[ Info: LETKF Analysis (localized)
[ Info:   Cycle: 1 / 14
[ Info:   Ensemble size: 10
[ Info:   Ensemble dir: /pscratch/sd/g/glwagner/DataAssimilocean/single_gpu_da/distributed_da
[ Info:   Output dir: /pscratch/sd/g/glwagner/DataAssimilocean/single_gpu_da/distributed_da
[ Info:   Diagnostics dir: /pscratch/sd/g/glwagner/DataAssimilocean/single_gpu_da/distributed_da/diagnostics
[ Info:   Analysis time: day 1.0
[ Info: Created grid: 400 × 280 × 50 at 0.25° resolution
[ Info: Loading cached bathymetry from /pscratch/sd/g/glwagner/DataAssimilocean/single_gpu_da/spinup/bathymetry_400x280.jld2
[ Info: Loading 10 member forecasts from /pscratch/sd/g/glwagner/DataAssimilocean/single_gpu_da/distributed_da/forecast_01...
[ Info: Loading nature run 3D tracers...
[ Info: Loading nature surface observations...
[ Info: Loading free run surface fields...
[ Info:   Free run SST RMSE=0.9882 C
[ Info:   DA forecast SST RMSE=0.5852 C, spread=0.0681 C
[ Info:   Valid obs: 2542 / 4712 (76 profiles)
[ Info:   LETKF with 1000.0 km localization radius
[ Info:   LETKF: updated 27976 columns, skipped 84024 (no nearby obs)
[ Info:   LETKF completed in 9.0s
[ Info:   Analysis: SST RMSE=0.7303 C
[ Info: Analysis states saved to /pscratch/sd/g/glwagner/DataAssimilocean/single_gpu_da/distributed_da/cycle_01
[ Info: Cycle diagnostics saved to /pscratch/sd/g/glwagner/DataAssimilocean/single_gpu_da/distributed_da/diagnostics/cycle_01_diagnostics.jld2
[ Info: Analysis cycle 1 complete.
