[ Info: Ensemble member forecast
[ Info:   Cycle: 10
[ Info:   Members: 5 to 8
[ Info:   Ensemble dir: /pscratch/sd/g/glwagner/DataAssimilocean/single_gpu_da/distributed_da
[ Info:   Output dir: /pscratch/sd/g/glwagner/DataAssimilocean/single_gpu_da/distributed_da
[ Info:   Time window: 9.0 to 10.0 days
[ Info: Creating grid...
[ Info: Created grid: 400 × 280 × 50 at 0.25° resolution
[ Info: Loading cached bathymetry from /pscratch/sd/g/glwagner/DataAssimilocean/single_gpu_da/spinup/bathymetry_400x280.jld2
[ Info: Creating ocean model...
┌ Warning: Split barotropic-baroclinic time stepping with SplitRungeKutta3TimeStepper is experimental.
│ Use at own risk, and report any issues encountered at https://github.com/CliMA/Oceananigans.jl/issues.
└ @ Oceananigans.TimeSteppers ~/.julia/packages/Oceananigans/dV6yg/src/TimeSteppers/split_hydrostatic_runge_kutta_3.jl:59
[ Info: Setting up atmosphere...
[ Info: Loading member 5 for warm-up compilation...
[ Info: Compiling (warm-up timestep)...
[ Info: Initializing simulation...
[ Info:     ... simulation initialization complete (2.259 minutes)
[ Info: Executing initial time step...
[ Info: Simulation is stopping after running for 0 seconds.
[ Info: Simulation time 9.003 days equals or exceeds stop time 9.003 days.
[ Info:     ... initial time step complete (1.854 minutes).
[ Info: Compilation complete.
┌ Warning: Assignment to `state` in soft scope is ambiguous because a global variable by the same name exists: `state` will be treated as a new local. Disambiguate by using `local state` to suppress this warning or `global state` to assign to the existing global variable.
└ @ /global/u1/g/glwagner/DataAssimilocean.jl/single_gpu_da/distributed_da/ensemble_member.jl:100
[ Info: === Member 5 (cycle 10) ===
[ Info: Initializing simulation...
[ Info:     ... simulation initialization complete (23.257 ms)
[ Info: Executing initial time step...
[ Info:     ... initial time step complete (113.457 ms).
[ Info: Simulation is stopping after running for 17.109 seconds.
[ Info: Simulation time 10 days equals or exceeds stop time 10 days.
[ Info:   Member 5 done. T range: (-1.9704449421752777, 38.583583977272575)
[ Info: === Member 6 (cycle 10) ===
[ Info: Initializing simulation...
[ Info:     ... simulation initialization complete (18.633 ms)
[ Info: Executing initial time step...
[ Info:     ... initial time step complete (60.015 ms).
[ Info: Simulation is stopping after running for 17.448 seconds.
[ Info: Simulation time 10 days equals or exceeds stop time 10 days.
[ Info:   Member 6 done. T range: (-1.9644477562660076, 38.20604987981834)
[ Info: === Member 7 (cycle 10) ===
[ Info: Initializing simulation...
[ Info:     ... simulation initialization complete (18.594 ms)
[ Info: Executing initial time step...
[ Info:     ... initial time step complete (60.057 ms).
[ Info: Simulation is stopping after running for 17.331 seconds.
[ Info: Simulation time 10 days equals or exceeds stop time 10 days.
[ Info:   Member 7 done. T range: (-1.9538099699226652, 38.35244398522432)
[ Info: === Member 8 (cycle 10) ===
[ Info: Initializing simulation...
[ Info:     ... simulation initialization complete (18.556 ms)
[ Info: Executing initial time step...
[ Info:     ... initial time step complete (60.261 ms).
[ Info: Simulation is stopping after running for 17.351 seconds.
[ Info: Simulation time 10 days equals or exceeds stop time 10 days.
[ Info:   Member 8 done. T range: (-1.9608770417551529, 38.39288305186359)
[ Info: Member forecast complete. Members 5:8 saved to /pscratch/sd/g/glwagner/DataAssimilocean/single_gpu_da/distributed_da/forecast_10
