[ Info: Ensemble member forecast
[ Info:   Cycle: 10
[ Info:   Members: 1 to 4
[ Info:   Ensemble dir: /pscratch/sd/g/glwagner/DataAssimilocean/single_gpu_da/distributed_da
[ Info:   Output dir: /pscratch/sd/g/glwagner/DataAssimilocean/single_gpu_da/distributed_da
[ Info:   Time window: 9.0 to 10.0 days
[ Info: Creating grid...
[ Info: Created grid: 400 × 280 × 50 at 0.25° resolution
[ Info: Loading cached bathymetry from /pscratch/sd/g/glwagner/DataAssimilocean/single_gpu_da/spinup/bathymetry_400x280.jld2
[ Info: Creating ocean model...
┌ Warning: Split barotropic-baroclinic time stepping with SplitRungeKutta3TimeStepper is experimental.
│ Use at own risk, and report any issues encountered at https://github.com/CliMA/Oceananigans.jl/issues.
└ @ Oceananigans.TimeSteppers ~/.julia/packages/Oceananigans/dV6yg/src/TimeSteppers/split_hydrostatic_runge_kutta_3.jl:59
[ Info: Setting up atmosphere...
[ Info: Loading member 1 for warm-up compilation...
[ Info: Compiling (warm-up timestep)...
[ Info: Initializing simulation...
[ Info:     ... simulation initialization complete (2.237 minutes)
[ Info: Executing initial time step...
[ Info: Simulation is stopping after running for 0 seconds.
[ Info: Simulation time 9.003 days equals or exceeds stop time 9.003 days.
[ Info:     ... initial time step complete (1.849 minutes).
[ Info: Compilation complete.
┌ Warning: Assignment to `state` in soft scope is ambiguous because a global variable by the same name exists: `state` will be treated as a new local. Disambiguate by using `local state` to suppress this warning or `global state` to assign to the existing global variable.
└ @ /global/u1/g/glwagner/DataAssimilocean.jl/single_gpu_da/distributed_da/ensemble_member.jl:100
[ Info: === Member 1 (cycle 10) ===
[ Info: Initializing simulation...
[ Info:     ... simulation initialization complete (18.865 ms)
[ Info: Executing initial time step...
[ Info:     ... initial time step complete (60.141 ms).
[ Info: Simulation is stopping after running for 17.108 seconds.
[ Info: Simulation time 10 days equals or exceeds stop time 10 days.
[ Info:   Member 1 done. T range: (-1.9537538620405737, 38.25584778471699)
[ Info: === Member 2 (cycle 10) ===
[ Info: Initializing simulation...
[ Info:     ... simulation initialization complete (18.678 ms)
[ Info: Executing initial time step...
[ Info:     ... initial time step complete (60.714 ms).
[ Info: Simulation is stopping after running for 17.509 seconds.
[ Info: Simulation time 10 days equals or exceeds stop time 10 days.
[ Info:   Member 2 done. T range: (-1.9680331184795727, 38.43642056099813)
[ Info: === Member 3 (cycle 10) ===
[ Info: Initializing simulation...
[ Info:     ... simulation initialization complete (18.468 ms)
[ Info: Executing initial time step...
[ Info:     ... initial time step complete (60.096 ms).
[ Info: Simulation is stopping after running for 17.393 seconds.
[ Info: Simulation time 10 days equals or exceeds stop time 10 days.
[ Info:   Member 3 done. T range: (-1.9720042147667334, 38.41901351797014)
[ Info: === Member 4 (cycle 10) ===
[ Info: Initializing simulation...
[ Info:     ... simulation initialization complete (18.687 ms)
[ Info: Executing initial time step...
[ Info:     ... initial time step complete (60.901 ms).
[ Info: Simulation is stopping after running for 17.429 seconds.
[ Info: Simulation time 10 days equals or exceeds stop time 10 days.
[ Info:   Member 4 done. T range: (-1.9634395580720174, 38.23260849405465)
[ Info: Member forecast complete. Members 1:4 saved to /pscratch/sd/g/glwagner/DataAssimilocean/single_gpu_da/distributed_da/forecast_10
