[ Info: Ensemble member forecast
[ Info:   Cycle: 11
[ Info:   Members: 1 to 4
[ Info:   Ensemble dir: /pscratch/sd/g/glwagner/DataAssimilocean/single_gpu_da/distributed_da
[ Info:   Output dir: /pscratch/sd/g/glwagner/DataAssimilocean/single_gpu_da/distributed_da
[ Info:   Time window: 10.0 to 11.0 days
[ Info: Creating grid...
[ Info: Created grid: 400 × 280 × 50 at 0.25° resolution
[ Info: Loading cached bathymetry from /pscratch/sd/g/glwagner/DataAssimilocean/single_gpu_da/spinup/bathymetry_400x280.jld2
[ Info: Creating ocean model...
┌ Warning: Split barotropic-baroclinic time stepping with SplitRungeKutta3TimeStepper is experimental.
│ Use at own risk, and report any issues encountered at https://github.com/CliMA/Oceananigans.jl/issues.
└ @ Oceananigans.TimeSteppers ~/.julia/packages/Oceananigans/dV6yg/src/TimeSteppers/split_hydrostatic_runge_kutta_3.jl:59
[ Info: Setting up atmosphere...
[ Info: Loading member 1 for warm-up compilation...
[ Info: Compiling (warm-up timestep)...
[ Info: Initializing simulation...
[ Info:     ... simulation initialization complete (2.285 minutes)
[ Info: Executing initial time step...
[ Info: Simulation is stopping after running for 0 seconds.
[ Info: Simulation time 10.003 days equals or exceeds stop time 10.003 days.
[ Info:     ... initial time step complete (1.916 minutes).
[ Info: Compilation complete.
┌ Warning: Assignment to `state` in soft scope is ambiguous because a global variable by the same name exists: `state` will be treated as a new local. Disambiguate by using `local state` to suppress this warning or `global state` to assign to the existing global variable.
└ @ /global/u1/g/glwagner/DataAssimilocean.jl/single_gpu_da/distributed_da/ensemble_member.jl:100
[ Info: === Member 1 (cycle 11) ===
[ Info: Initializing simulation...
[ Info:     ... simulation initialization complete (19.728 ms)
[ Info: Executing initial time step...
[ Info:     ... initial time step complete (100.131 ms).
[ Info: Simulation is stopping after running for 17.230 seconds.
[ Info: Simulation time 11 days equals or exceeds stop time 11 days.
[ Info:   Member 1 done. T range: (-1.9455170106468747, 37.04740405538276)
[ Info: === Member 2 (cycle 11) ===
[ Info: Initializing simulation...
[ Info:     ... simulation initialization complete (18.659 ms)
[ Info: Executing initial time step...
[ Info:     ... initial time step complete (60.712 ms).
[ Info: Simulation is stopping after running for 17.501 seconds.
[ Info: Simulation time 11 days equals or exceeds stop time 11 days.
[ Info:   Member 2 done. T range: (-1.951479466284723, 36.97198893739878)
[ Info: === Member 3 (cycle 11) ===
[ Info: Initializing simulation...
[ Info:     ... simulation initialization complete (18.646 ms)
[ Info: Executing initial time step...
[ Info:     ... initial time step complete (60.406 ms).
[ Info: Simulation is stopping after running for 17.412 seconds.
[ Info: Simulation time 11 days equals or exceeds stop time 11 days.
[ Info:   Member 3 done. T range: (-1.929898569555514, 37.23480912998451)
[ Info: === Member 4 (cycle 11) ===
[ Info: Initializing simulation...
[ Info:     ... simulation initialization complete (18.710 ms)
[ Info: Executing initial time step...
[ Info:     ... initial time step complete (60.556 ms).
[ Info: Simulation is stopping after running for 17.400 seconds.
[ Info: Simulation time 11 days equals or exceeds stop time 11 days.
[ Info:   Member 4 done. T range: (-1.9541466295615928, 37.22486608976979)
[ Info: Member forecast complete. Members 1:4 saved to /pscratch/sd/g/glwagner/DataAssimilocean/single_gpu_da/distributed_da/forecast_11
