[ Info: Ensemble member forecast
[ Info:   Cycle: 12
[ Info:   Members: 5 to 8
[ Info:   Ensemble dir: /pscratch/sd/g/glwagner/DataAssimilocean/single_gpu_da/distributed_da
[ Info:   Output dir: /pscratch/sd/g/glwagner/DataAssimilocean/single_gpu_da/distributed_da
[ Info:   Time window: 11.0 to 12.0 days
[ Info: Creating grid...
[ Info: Created grid: 400 × 280 × 50 at 0.25° resolution
[ Info: Loading cached bathymetry from /pscratch/sd/g/glwagner/DataAssimilocean/single_gpu_da/spinup/bathymetry_400x280.jld2
[ Info: Creating ocean model...
┌ Warning: Split barotropic-baroclinic time stepping with SplitRungeKutta3TimeStepper is experimental.
│ Use at own risk, and report any issues encountered at https://github.com/CliMA/Oceananigans.jl/issues.
└ @ Oceananigans.TimeSteppers ~/.julia/packages/Oceananigans/dV6yg/src/TimeSteppers/split_hydrostatic_runge_kutta_3.jl:59
[ Info: Setting up atmosphere...
[ Info: Loading member 5 for warm-up compilation...
[ Info: Compiling (warm-up timestep)...
[ Info: Initializing simulation...
[ Info:     ... simulation initialization complete (2.288 minutes)
[ Info: Executing initial time step...
[ Info: Simulation is stopping after running for 0 seconds.
[ Info: Simulation time 11.003 days equals or exceeds stop time 11.003 days.
[ Info:     ... initial time step complete (1.841 minutes).
[ Info: Compilation complete.
┌ Warning: Assignment to `state` in soft scope is ambiguous because a global variable by the same name exists: `state` will be treated as a new local. Disambiguate by using `local state` to suppress this warning or `global state` to assign to the existing global variable.
└ @ /global/u1/g/glwagner/DataAssimilocean.jl/single_gpu_da/distributed_da/ensemble_member.jl:100
[ Info: === Member 5 (cycle 12) ===
[ Info: Initializing simulation...
[ Info:     ... simulation initialization complete (23.101 ms)
[ Info: Executing initial time step...
[ Info:     ... initial time step complete (72.832 ms).
[ Info: Simulation is stopping after running for 17.205 seconds.
[ Info: Simulation time 12 days equals or exceeds stop time 12 days.
[ Info:   Member 5 done. T range: (-1.972938745623382, 39.71938457880219)
[ Info: === Member 6 (cycle 12) ===
[ Info: Initializing simulation...
[ Info:     ... simulation initialization complete (18.577 ms)
[ Info: Executing initial time step...
[ Info:     ... initial time step complete (70.708 ms).
[ Info: Simulation is stopping after running for 17.455 seconds.
[ Info: Simulation time 12 days equals or exceeds stop time 12 days.
[ Info:   Member 6 done. T range: (-1.9576613092470339, 39.82115484945544)
[ Info: === Member 7 (cycle 12) ===
[ Info: Initializing simulation...
[ Info:     ... simulation initialization complete (18.602 ms)
[ Info: Executing initial time step...
[ Info:     ... initial time step complete (60.270 ms).
[ Info: Simulation is stopping after running for 17.387 seconds.
[ Info: Simulation time 12 days equals or exceeds stop time 12 days.
[ Info:   Member 7 done. T range: (-1.9389643315633933, 39.67557651916251)
[ Info: === Member 8 (cycle 12) ===
[ Info: Initializing simulation...
[ Info:     ... simulation initialization complete (18.610 ms)
[ Info: Executing initial time step...
[ Info:     ... initial time step complete (60.145 ms).
[ Info: Simulation is stopping after running for 17.393 seconds.
[ Info: Simulation time 12 days equals or exceeds stop time 12 days.
[ Info:   Member 8 done. T range: (-1.9515163037161969, 39.652439047365064)
[ Info: Member forecast complete. Members 5:8 saved to /pscratch/sd/g/glwagner/DataAssimilocean/single_gpu_da/distributed_da/forecast_12
