[ Info: Ensemble member forecast
[ Info:   Cycle: 12
[ Info:   Members: 1 to 4
[ Info:   Ensemble dir: /pscratch/sd/g/glwagner/DataAssimilocean/single_gpu_da/distributed_da
[ Info:   Output dir: /pscratch/sd/g/glwagner/DataAssimilocean/single_gpu_da/distributed_da
[ Info:   Time window: 11.0 to 12.0 days
[ Info: Creating grid...
[ Info: Created grid: 400 × 280 × 50 at 0.25° resolution
[ Info: Loading cached bathymetry from /pscratch/sd/g/glwagner/DataAssimilocean/single_gpu_da/spinup/bathymetry_400x280.jld2
[ Info: Creating ocean model...
┌ Warning: Split barotropic-baroclinic time stepping with SplitRungeKutta3TimeStepper is experimental.
│ Use at own risk, and report any issues encountered at https://github.com/CliMA/Oceananigans.jl/issues.
└ @ Oceananigans.TimeSteppers ~/.julia/packages/Oceananigans/dV6yg/src/TimeSteppers/split_hydrostatic_runge_kutta_3.jl:59
[ Info: Setting up atmosphere...
[ Info: Loading member 1 for warm-up compilation...
[ Info: Compiling (warm-up timestep)...
[ Info: Initializing simulation...
[ Info:     ... simulation initialization complete (2.262 minutes)
[ Info: Executing initial time step...
[ Info: Simulation is stopping after running for 0 seconds.
[ Info: Simulation time 11.003 days equals or exceeds stop time 11.003 days.
[ Info:     ... initial time step complete (1.837 minutes).
[ Info: Compilation complete.
┌ Warning: Assignment to `state` in soft scope is ambiguous because a global variable by the same name exists: `state` will be treated as a new local. Disambiguate by using `local state` to suppress this warning or `global state` to assign to the existing global variable.
└ @ /global/u1/g/glwagner/DataAssimilocean.jl/single_gpu_da/distributed_da/ensemble_member.jl:100
[ Info: === Member 1 (cycle 12) ===
[ Info: Initializing simulation...
[ Info:     ... simulation initialization complete (24.901 ms)
[ Info: Executing initial time step...
[ Info:     ... initial time step complete (73.375 ms).
[ Info: Simulation is stopping after running for 17.229 seconds.
[ Info: Simulation time 12 days equals or exceeds stop time 12 days.
[ Info:   Member 1 done. T range: (-1.9435649319258663, 39.57345628972177)
[ Info: === Member 2 (cycle 12) ===
[ Info: Initializing simulation...
[ Info:     ... simulation initialization complete (18.628 ms)
[ Info: Executing initial time step...
[ Info:     ... initial time step complete (60.128 ms).
[ Info: Simulation is stopping after running for 17.400 seconds.
[ Info: Simulation time 12 days equals or exceeds stop time 12 days.
[ Info:   Member 2 done. T range: (-1.970377037004498, 39.665328416261815)
[ Info: === Member 3 (cycle 12) ===
[ Info: Initializing simulation...
[ Info:     ... simulation initialization complete (18.635 ms)
[ Info: Executing initial time step...
[ Info:     ... initial time step complete (60.271 ms).
[ Info: Simulation is stopping after running for 17.438 seconds.
[ Info: Simulation time 12 days equals or exceeds stop time 12 days.
[ Info:   Member 3 done. T range: (-1.9761429519716653, 39.94519427956791)
[ Info: === Member 4 (cycle 12) ===
[ Info: Initializing simulation...
[ Info:     ... simulation initialization complete (18.648 ms)
[ Info: Executing initial time step...
[ Info:     ... initial time step complete (60.336 ms).
[ Info: Simulation is stopping after running for 17.363 seconds.
[ Info: Simulation time 12 days equals or exceeds stop time 12 days.
[ Info:   Member 4 done. T range: (-1.9462933359264198, 39.55328921024385)
[ Info: Member forecast complete. Members 1:4 saved to /pscratch/sd/g/glwagner/DataAssimilocean/single_gpu_da/distributed_da/forecast_12
