[ Info: Ensemble member forecast
[ Info:   Cycle: 13
[ Info:   Members: 1 to 4
[ Info:   Ensemble dir: /pscratch/sd/g/glwagner/DataAssimilocean/single_gpu_da/distributed_da
[ Info:   Output dir: /pscratch/sd/g/glwagner/DataAssimilocean/single_gpu_da/distributed_da
[ Info:   Time window: 12.0 to 13.0 days
[ Info: Creating grid...
[ Info: Created grid: 400 × 280 × 50 at 0.25° resolution
[ Info: Loading cached bathymetry from /pscratch/sd/g/glwagner/DataAssimilocean/single_gpu_da/spinup/bathymetry_400x280.jld2
[ Info: Creating ocean model...
┌ Warning: Split barotropic-baroclinic time stepping with SplitRungeKutta3TimeStepper is experimental.
│ Use at own risk, and report any issues encountered at https://github.com/CliMA/Oceananigans.jl/issues.
└ @ Oceananigans.TimeSteppers ~/.julia/packages/Oceananigans/dV6yg/src/TimeSteppers/split_hydrostatic_runge_kutta_3.jl:59
[ Info: Setting up atmosphere...
[ Info: Loading member 1 for warm-up compilation...
[ Info: Compiling (warm-up timestep)...
[ Info: Initializing simulation...
[ Info:     ... simulation initialization complete (2.226 minutes)
[ Info: Executing initial time step...
[ Info: Simulation is stopping after running for 0 seconds.
[ Info: Simulation time 12.003 days equals or exceeds stop time 12.003 days.
[ Info:     ... initial time step complete (1.830 minutes).
[ Info: Compilation complete.
┌ Warning: Assignment to `state` in soft scope is ambiguous because a global variable by the same name exists: `state` will be treated as a new local. Disambiguate by using `local state` to suppress this warning or `global state` to assign to the existing global variable.
└ @ /global/u1/g/glwagner/DataAssimilocean.jl/single_gpu_da/distributed_da/ensemble_member.jl:100
[ Info: === Member 1 (cycle 13) ===
[ Info: Initializing simulation...
[ Info:     ... simulation initialization complete (23.661 ms)
[ Info: Executing initial time step...
[ Info:     ... initial time step complete (73.657 ms).
[ Info: Simulation is stopping after running for 17.129 seconds.
[ Info: Simulation time 13 days equals or exceeds stop time 13 days.
[ Info:   Member 1 done. T range: (-1.9269137402603045, 49.26807963638971)
[ Info: === Member 2 (cycle 13) ===
[ Info: Initializing simulation...
[ Info:     ... simulation initialization complete (18.642 ms)
[ Info: Executing initial time step...
[ Info:     ... initial time step complete (60.445 ms).
[ Info: Simulation is stopping after running for 17.468 seconds.
[ Info: Simulation time 13 days equals or exceeds stop time 13 days.
[ Info:   Member 2 done. T range: (-1.95035212969783, 48.57276350513891)
[ Info: === Member 3 (cycle 13) ===
[ Info: Initializing simulation...
[ Info:     ... simulation initialization complete (18.636 ms)
[ Info: Executing initial time step...
[ Info:     ... initial time step complete (60.279 ms).
[ Info: Simulation is stopping after running for 17.389 seconds.
[ Info: Simulation time 13 days equals or exceeds stop time 13 days.
[ Info:   Member 3 done. T range: (-1.9550094967157332, 49.25610743249102)
[ Info: === Member 4 (cycle 13) ===
[ Info: Initializing simulation...
[ Info:     ... simulation initialization complete (18.607 ms)
[ Info: Executing initial time step...
[ Info:     ... initial time step complete (60.944 ms).
[ Info: Simulation is stopping after running for 17.492 seconds.
[ Info: Simulation time 13 days equals or exceeds stop time 13 days.
[ Info:   Member 4 done. T range: (-1.912565652367398, 49.22618713008272)
[ Info: Member forecast complete. Members 1:4 saved to /pscratch/sd/g/glwagner/DataAssimilocean/single_gpu_da/distributed_da/forecast_13
