[ Info: Ensemble member forecast
[ Info:   Cycle: 14
[ Info:   Members: 5 to 8
[ Info:   Ensemble dir: /pscratch/sd/g/glwagner/DataAssimilocean/single_gpu_da/distributed_da
[ Info:   Output dir: /pscratch/sd/g/glwagner/DataAssimilocean/single_gpu_da/distributed_da
[ Info:   Time window: 13.0 to 14.0 days
[ Info: Creating grid...
[ Info: Created grid: 400 × 280 × 50 at 0.25° resolution
[ Info: Loading cached bathymetry from /pscratch/sd/g/glwagner/DataAssimilocean/single_gpu_da/spinup/bathymetry_400x280.jld2
[ Info: Creating ocean model...
┌ Warning: Split barotropic-baroclinic time stepping with SplitRungeKutta3TimeStepper is experimental.
│ Use at own risk, and report any issues encountered at https://github.com/CliMA/Oceananigans.jl/issues.
└ @ Oceananigans.TimeSteppers ~/.julia/packages/Oceananigans/dV6yg/src/TimeSteppers/split_hydrostatic_runge_kutta_3.jl:59
[ Info: Setting up atmosphere...
[ Info: Loading member 5 for warm-up compilation...
[ Info: Compiling (warm-up timestep)...
[ Info: Initializing simulation...
[ Info:     ... simulation initialization complete (2.280 minutes)
[ Info: Executing initial time step...
[ Info: Simulation is stopping after running for 0 seconds.
[ Info: Simulation time 13.003 days equals or exceeds stop time 13.003 days.
[ Info:     ... initial time step complete (1.887 minutes).
[ Info: Compilation complete.
┌ Warning: Assignment to `state` in soft scope is ambiguous because a global variable by the same name exists: `state` will be treated as a new local. Disambiguate by using `local state` to suppress this warning or `global state` to assign to the existing global variable.
└ @ /global/u1/g/glwagner/DataAssimilocean.jl/single_gpu_da/distributed_da/ensemble_member.jl:100
[ Info: === Member 5 (cycle 14) ===
[ Info: Initializing simulation...
[ Info:     ... simulation initialization complete (19.233 ms)
[ Info: Executing initial time step...
[ Info:     ... initial time step complete (60.546 ms).
[ Info: Simulation is stopping after running for 17.222 seconds.
[ Info: Simulation time 14 days equals or exceeds stop time 14 days.
[ Info:   Member 5 done. T range: (-1.9034649509313828, 45.36523793734765)
[ Info: === Member 6 (cycle 14) ===
[ Info: Initializing simulation...
[ Info:     ... simulation initialization complete (18.589 ms)
[ Info: Executing initial time step...
[ Info:     ... initial time step complete (60.876 ms).
[ Info: Simulation is stopping after running for 17.539 seconds.
[ Info: Simulation time 14 days equals or exceeds stop time 14 days.
[ Info:   Member 6 done. T range: (-1.9104715826686793, 44.93629150140368)
[ Info: === Member 7 (cycle 14) ===
[ Info: Initializing simulation...
[ Info:     ... simulation initialization complete (18.557 ms)
[ Info: Executing initial time step...
[ Info:     ... initial time step complete (60.486 ms).
[ Info: Simulation is stopping after running for 17.389 seconds.
[ Info: Simulation time 14 days equals or exceeds stop time 14 days.
[ Info:   Member 7 done. T range: (-1.9140781976884913, 44.94652128266806)
[ Info: === Member 8 (cycle 14) ===
[ Info: Initializing simulation...
[ Info:     ... simulation initialization complete (18.623 ms)
[ Info: Executing initial time step...
[ Info:     ... initial time step complete (60.709 ms).
[ Info: Simulation is stopping after running for 17.430 seconds.
[ Info: Simulation time 14 days equals or exceeds stop time 14 days.
[ Info:   Member 8 done. T range: (-1.911705131974361, 44.684557465573825)
[ Info: Member forecast complete. Members 5:8 saved to /pscratch/sd/g/glwagner/DataAssimilocean/single_gpu_da/distributed_da/forecast_14
