[ Info: LETKF Analysis (localized)
[ Info:   Cycle: 14 / 14
[ Info:   Ensemble size: 10
[ Info:   Ensemble dir: /pscratch/sd/g/glwagner/DataAssimilocean/single_gpu_da/distributed_da
[ Info:   Output dir: /pscratch/sd/g/glwagner/DataAssimilocean/single_gpu_da/distributed_da
[ Info:   Diagnostics dir: /pscratch/sd/g/glwagner/DataAssimilocean/single_gpu_da/distributed_da/diagnostics
[ Info:   Analysis time: day 14.0
[ Info: Created grid: 400 × 280 × 50 at 0.25° resolution
[ Info:   Observation levels: 8 (of 31 above -1000.0m)
[ Info: Loading cached bathymetry from /pscratch/sd/g/glwagner/DataAssimilocean/single_gpu_da/spinup/bathymetry_400x280.jld2
[ Info: Loading 10 member forecasts from /pscratch/sd/g/glwagner/DataAssimilocean/single_gpu_da/distributed_da/forecast_14...
[ Info: Loading nature run 3D tracers...
[ Info: Loading nature surface observations...
[ Info: Loading free run surface fields...
[ Info:   Free run SST RMSE=0.8425 C
[ Info:   DA forecast SST RMSE=0.9548 C, spread=0.0942 C
[ Info:   Valid obs: 608 / 1216 (76 profiles)
[ Info:   LETKF with 1000.0 km localization radius
[ Info:   LETKF: updated 28613 columns, skipped 83387 (no nearby obs)
[ Info:   LETKF completed in 8.6s
[ Info:   Analysis: SST RMSE=0.9567 C
[ Info: Analysis states saved to /pscratch/sd/g/glwagner/DataAssimilocean/single_gpu_da/distributed_da/cycle_14
[ Info: Cycle diagnostics saved to /pscratch/sd/g/glwagner/DataAssimilocean/single_gpu_da/distributed_da/diagnostics/cycle_14_diagnostics.jld2
[ Info: Final cycle! Aggregating diagnostics...
[ Info: Aggregated diagnostics saved.
[ Info: Generating DA diagnostic plots...
[ Info: RMSE comparison plot saved
[ Info: Ensemble spread plot saved
[ Info: Distributed DA complete!
[ Info:   Final free run SST RMSE: 0.8425 C
[ Info:   Final forecast SST RMSE: 0.9548 C
[ Info:   Final analysis SST RMSE: 0.9567 C
[ Info: Analysis cycle 14 complete.
