[ Info: Ensemble member forecast
[ Info:   Cycle: 2
[ Info:   Members: 5 to 8
[ Info:   Ensemble dir: /pscratch/sd/g/glwagner/DataAssimilocean/single_gpu_da/distributed_da
[ Info:   Output dir: /pscratch/sd/g/glwagner/DataAssimilocean/single_gpu_da/distributed_da
[ Info:   Time window: 1.0 to 2.0 days
[ Info: Creating grid...
[ Info: Created grid: 400 × 280 × 50 at 0.25° resolution
[ Info: Loading cached bathymetry from /pscratch/sd/g/glwagner/DataAssimilocean/single_gpu_da/spinup/bathymetry_400x280.jld2
[ Info: Creating ocean model...
┌ Warning: Split barotropic-baroclinic time stepping with SplitRungeKutta3TimeStepper is experimental.
│ Use at own risk, and report any issues encountered at https://github.com/CliMA/Oceananigans.jl/issues.
└ @ Oceananigans.TimeSteppers ~/.julia/packages/Oceananigans/dV6yg/src/TimeSteppers/split_hydrostatic_runge_kutta_3.jl:59
[ Info: Setting up atmosphere...
[ Info: Loading member 5 for warm-up compilation...
[ Info: Compiling (warm-up timestep)...
[ Info: Initializing simulation...
[ Info:     ... simulation initialization complete (2.449 minutes)
[ Info: Executing initial time step...
[ Info: Simulation is stopping after running for 0 seconds.
[ Info: Simulation time 1.003 days equals or exceeds stop time 1.003 days.
[ Info:     ... initial time step complete (2.012 minutes).
[ Info: Compilation complete.
┌ Warning: Assignment to `state` in soft scope is ambiguous because a global variable by the same name exists: `state` will be treated as a new local. Disambiguate by using `local state` to suppress this warning or `global state` to assign to the existing global variable.
└ @ /global/u1/g/glwagner/DataAssimilocean.jl/single_gpu_da/distributed_da/ensemble_member.jl:100
[ Info: === Member 5 (cycle 2) ===
[ Info: Initializing simulation...
[ Info:     ... simulation initialization complete (23.225 ms)
[ Info: Executing initial time step...
[ Info:     ... initial time step complete (72.770 ms).
[ Info: Simulation is stopping after running for 17.224 seconds.
[ Info: Simulation time 2 days equals or exceeds stop time 2 days.
[ Info:   Member 5 done. T range: (-1.8805388979666726, 52.09270935070116)
[ Info: === Member 6 (cycle 2) ===
[ Info: Initializing simulation...
[ Info:     ... simulation initialization complete (18.696 ms)
[ Info: Executing initial time step...
[ Info:     ... initial time step complete (60.492 ms).
[ Info: Simulation is stopping after running for 17.472 seconds.
[ Info: Simulation time 2 days equals or exceeds stop time 2 days.
[ Info:   Member 6 done. T range: (-1.8808613252907842, 52.32727888666235)
[ Info: === Member 7 (cycle 2) ===
[ Info: Initializing simulation...
[ Info:     ... simulation initialization complete (18.735 ms)
[ Info: Executing initial time step...
[ Info:     ... initial time step complete (61.710 ms).
[ Info: Simulation is stopping after running for 17.438 seconds.
[ Info: Simulation time 2 days equals or exceeds stop time 2 days.
[ Info:   Member 7 done. T range: (-1.88305498709552, 51.956664708345244)
[ Info: === Member 8 (cycle 2) ===
[ Info: Initializing simulation...
[ Info:     ... simulation initialization complete (18.699 ms)
[ Info: Executing initial time step...
[ Info:     ... initial time step complete (60.455 ms).
[ Info: Simulation is stopping after running for 17.384 seconds.
[ Info: Simulation time 2 days equals or exceeds stop time 2 days.
[ Info:   Member 8 done. T range: (-1.8880800054927016, 52.16991980322596)
[ Info: Member forecast complete. Members 5:8 saved to /pscratch/sd/g/glwagner/DataAssimilocean/single_gpu_da/distributed_da/forecast_02
