[ Info: Ensemble member forecast
[ Info:   Cycle: 3
[ Info:   Members: 1 to 4
[ Info:   Ensemble dir: /pscratch/sd/g/glwagner/DataAssimilocean/single_gpu_da/distributed_da
[ Info:   Output dir: /pscratch/sd/g/glwagner/DataAssimilocean/single_gpu_da/distributed_da
[ Info:   Time window: 2.0 to 3.0 days
[ Info: Creating grid...
[ Info: Created grid: 400 × 280 × 50 at 0.25° resolution
[ Info: Loading cached bathymetry from /pscratch/sd/g/glwagner/DataAssimilocean/single_gpu_da/spinup/bathymetry_400x280.jld2
[ Info: Creating ocean model...
┌ Warning: Split barotropic-baroclinic time stepping with SplitRungeKutta3TimeStepper is experimental.
│ Use at own risk, and report any issues encountered at https://github.com/CliMA/Oceananigans.jl/issues.
└ @ Oceananigans.TimeSteppers ~/.julia/packages/Oceananigans/dV6yg/src/TimeSteppers/split_hydrostatic_runge_kutta_3.jl:59
[ Info: Setting up atmosphere...
[ Info: Loading member 1 for warm-up compilation...
[ Info: Compiling (warm-up timestep)...
[ Info: Initializing simulation...
[ Info:     ... simulation initialization complete (2.451 minutes)
[ Info: Executing initial time step...
[ Info: Simulation is stopping after running for 0 seconds.
[ Info: Simulation time 2.003 days equals or exceeds stop time 2.003 days.
[ Info:     ... initial time step complete (2.014 minutes).
[ Info: Compilation complete.
┌ Warning: Assignment to `state` in soft scope is ambiguous because a global variable by the same name exists: `state` will be treated as a new local. Disambiguate by using `local state` to suppress this warning or `global state` to assign to the existing global variable.
└ @ /global/u1/g/glwagner/DataAssimilocean.jl/single_gpu_da/distributed_da/ensemble_member.jl:100
[ Info: === Member 1 (cycle 3) ===
[ Info: Initializing simulation...
[ Info:     ... simulation initialization complete (24.955 ms)
[ Info: Executing initial time step...
[ Info:     ... initial time step complete (73.721 ms).
[ Info: Simulation is stopping after running for 17.241 seconds.
[ Info: Simulation time 3 days equals or exceeds stop time 3 days.
[ Info:   Member 1 done. T range: (-1.9059331712420466, 52.182270856232215)
[ Info: === Member 2 (cycle 3) ===
[ Info: Initializing simulation...
[ Info:     ... simulation initialization complete (18.733 ms)
[ Info: Executing initial time step...
[ Info:     ... initial time step complete (61.581 ms).
[ Info: Simulation is stopping after running for 17.472 seconds.
[ Info: Simulation time 3 days equals or exceeds stop time 3 days.
[ Info:   Member 2 done. T range: (-1.8507381595578403, 52.23900327462995)
[ Info: === Member 3 (cycle 3) ===
[ Info: Initializing simulation...
[ Info:     ... simulation initialization complete (18.694 ms)
[ Info: Executing initial time step...
[ Info:     ... initial time step complete (60.369 ms).
[ Info: Simulation is stopping after running for 17.397 seconds.
[ Info: Simulation time 3 days equals or exceeds stop time 3 days.
[ Info:   Member 3 done. T range: (-1.9025135154962656, 52.04505710504118)
[ Info: === Member 4 (cycle 3) ===
[ Info: Initializing simulation...
[ Info:     ... simulation initialization complete (18.721 ms)
[ Info: Executing initial time step...
[ Info:     ... initial time step complete (60.601 ms).
[ Info: Simulation is stopping after running for 17.412 seconds.
[ Info: Simulation time 3 days equals or exceeds stop time 3 days.
[ Info:   Member 4 done. T range: (-1.851824160729335, 52.163041252450114)
[ Info: Member forecast complete. Members 1:4 saved to /pscratch/sd/g/glwagner/DataAssimilocean/single_gpu_da/distributed_da/forecast_03
