[ Info: Ensemble member forecast
[ Info:   Cycle: 3
[ Info:   Members: 5 to 8
[ Info:   Ensemble dir: /pscratch/sd/g/glwagner/DataAssimilocean/single_gpu_da/distributed_da
[ Info:   Output dir: /pscratch/sd/g/glwagner/DataAssimilocean/single_gpu_da/distributed_da
[ Info:   Time window: 2.0 to 3.0 days
[ Info: Creating grid...
[ Info: Created grid: 400 × 280 × 50 at 0.25° resolution
[ Info: Loading cached bathymetry from /pscratch/sd/g/glwagner/DataAssimilocean/single_gpu_da/spinup/bathymetry_400x280.jld2
[ Info: Creating ocean model...
┌ Warning: Split barotropic-baroclinic time stepping with SplitRungeKutta3TimeStepper is experimental.
│ Use at own risk, and report any issues encountered at https://github.com/CliMA/Oceananigans.jl/issues.
└ @ Oceananigans.TimeSteppers ~/.julia/packages/Oceananigans/dV6yg/src/TimeSteppers/split_hydrostatic_runge_kutta_3.jl:59
[ Info: Setting up atmosphere...
[ Info: Loading member 5 for warm-up compilation...
[ Info: Compiling (warm-up timestep)...
[ Info: Initializing simulation...
[ Info:     ... simulation initialization complete (2.669 minutes)
[ Info: Executing initial time step...
[ Info: Simulation is stopping after running for 0 seconds.
[ Info: Simulation time 2.003 days equals or exceeds stop time 2.003 days.
[ Info:     ... initial time step complete (1.907 minutes).
[ Info: Compilation complete.
┌ Warning: Assignment to `state` in soft scope is ambiguous because a global variable by the same name exists: `state` will be treated as a new local. Disambiguate by using `local state` to suppress this warning or `global state` to assign to the existing global variable.
└ @ /global/u1/g/glwagner/DataAssimilocean.jl/single_gpu_da/distributed_da/ensemble_member.jl:100
[ Info: === Member 5 (cycle 3) ===
[ Info: Initializing simulation...
[ Info:     ... simulation initialization complete (23.755 ms)
[ Info: Executing initial time step...
[ Info:     ... initial time step complete (73.358 ms).
[ Info: Simulation is stopping after running for 17.201 seconds.
[ Info: Simulation time 3 days equals or exceeds stop time 3 days.
[ Info:   Member 5 done. T range: (-1.8653015647489908, 42.353911796782214)
[ Info: === Member 6 (cycle 3) ===
[ Info: Initializing simulation...
[ Info:     ... simulation initialization complete (23.054 ms)
[ Info: Executing initial time step...
[ Info:     ... initial time step complete (73.056 ms).
[ Info: Simulation is stopping after running for 17.535 seconds.
[ Info: Simulation time 3 days equals or exceeds stop time 3 days.
[ Info:   Member 6 done. T range: (-1.8651340006078294, 42.16716158010388)
[ Info: === Member 7 (cycle 3) ===
[ Info: Initializing simulation...
[ Info:     ... simulation initialization complete (18.704 ms)
[ Info: Executing initial time step...
[ Info:     ... initial time step complete (60.385 ms).
[ Info: Simulation is stopping after running for 17.490 seconds.
[ Info: Simulation time 3 days equals or exceeds stop time 3 days.
[ Info:   Member 7 done. T range: (-1.866879837142542, 42.50033695620101)
[ Info: === Member 8 (cycle 3) ===
[ Info: Initializing simulation...
[ Info:     ... simulation initialization complete (18.750 ms)
[ Info: Executing initial time step...
[ Info:     ... initial time step complete (60.477 ms).
[ Info: Simulation is stopping after running for 17.506 seconds.
[ Info: Simulation time 3 days equals or exceeds stop time 3 days.
[ Info:   Member 8 done. T range: (-1.889498662208682, 42.17003654232477)
[ Info: Member forecast complete. Members 5:8 saved to /pscratch/sd/g/glwagner/DataAssimilocean/single_gpu_da/distributed_da/forecast_03
