[ Info: Ensemble member forecast
[ Info:   Cycle: 4
[ Info:   Members: 5 to 8
[ Info:   Ensemble dir: /pscratch/sd/g/glwagner/DataAssimilocean/single_gpu_da/distributed_da
[ Info:   Output dir: /pscratch/sd/g/glwagner/DataAssimilocean/single_gpu_da/distributed_da
[ Info:   Time window: 3.0 to 4.0 days
[ Info: Creating grid...
[ Info: Created grid: 400 × 280 × 50 at 0.25° resolution
[ Info: Loading cached bathymetry from /pscratch/sd/g/glwagner/DataAssimilocean/single_gpu_da/spinup/bathymetry_400x280.jld2
[ Info: Creating ocean model...
┌ Warning: Split barotropic-baroclinic time stepping with SplitRungeKutta3TimeStepper is experimental.
│ Use at own risk, and report any issues encountered at https://github.com/CliMA/Oceananigans.jl/issues.
└ @ Oceananigans.TimeSteppers ~/.julia/packages/Oceananigans/dV6yg/src/TimeSteppers/split_hydrostatic_runge_kutta_3.jl:59
[ Info: Setting up atmosphere...
[ Info: Loading member 5 for warm-up compilation...
[ Info: Compiling (warm-up timestep)...
[ Info: Initializing simulation...
[ Info:     ... simulation initialization complete (2.916 minutes)
[ Info: Executing initial time step...
[ Info: Simulation is stopping after running for 0 seconds.
[ Info: Simulation time 3.003 days equals or exceeds stop time 3.003 days.
[ Info:     ... initial time step complete (2.419 minutes).
[ Info: Compilation complete.
┌ Warning: Assignment to `state` in soft scope is ambiguous because a global variable by the same name exists: `state` will be treated as a new local. Disambiguate by using `local state` to suppress this warning or `global state` to assign to the existing global variable.
└ @ /global/u1/g/glwagner/DataAssimilocean.jl/single_gpu_da/distributed_da/ensemble_member.jl:100
[ Info: === Member 5 (cycle 4) ===
[ Info: Initializing simulation...
[ Info:     ... simulation initialization complete (24.226 ms)
[ Info: Executing initial time step...
[ Info:     ... initial time step complete (74.508 ms).
[ Info: Simulation is stopping after running for 18.626 seconds.
[ Info: Simulation time 4 days equals or exceeds stop time 4 days.
[ Info:   Member 5 done. T range: (-1.8464215525045315, 38.52378643955779)
[ Info: === Member 6 (cycle 4) ===
[ Info: Initializing simulation...
[ Info:     ... simulation initialization complete (23.296 ms)
[ Info: Executing initial time step...
[ Info:     ... initial time step complete (74.113 ms).
[ Info: Simulation is stopping after running for 19.552 seconds.
[ Info: Simulation time 4 days equals or exceeds stop time 4 days.
[ Info:   Member 6 done. T range: (-1.8179537836483186, 38.3628133804546)
[ Info: === Member 7 (cycle 4) ===
[ Info: Initializing simulation...
[ Info:     ... simulation initialization complete (18.968 ms)
[ Info: Executing initial time step...
[ Info:     ... initial time step complete (60.859 ms).
[ Info: Simulation is stopping after running for 18.976 seconds.
[ Info: Simulation time 4 days equals or exceeds stop time 4 days.
[ Info:   Member 7 done. T range: (-1.853098248115828, 38.49777662744426)
[ Info: === Member 8 (cycle 4) ===
[ Info: Initializing simulation...
[ Info:     ... simulation initialization complete (18.928 ms)
[ Info: Executing initial time step...
[ Info:     ... initial time step complete (61.786 ms).
[ Info: Simulation is stopping after running for 27.600 seconds.
[ Info: Simulation time 4 days equals or exceeds stop time 4 days.
[ Info:   Member 8 done. T range: (-1.8909512025909103, 38.41693491790284)
[ Info: Member forecast complete. Members 5:8 saved to /pscratch/sd/g/glwagner/DataAssimilocean/single_gpu_da/distributed_da/forecast_04
