[ Info: Ensemble member forecast
[ Info:   Cycle: 5
[ Info:   Members: 5 to 8
[ Info:   Ensemble dir: /pscratch/sd/g/glwagner/DataAssimilocean/single_gpu_da/distributed_da
[ Info:   Output dir: /pscratch/sd/g/glwagner/DataAssimilocean/single_gpu_da/distributed_da
[ Info:   Time window: 4.0 to 5.0 days
[ Info: Creating grid...
[ Info: Created grid: 400 × 280 × 50 at 0.25° resolution
[ Info: Loading cached bathymetry from /pscratch/sd/g/glwagner/DataAssimilocean/single_gpu_da/spinup/bathymetry_400x280.jld2
[ Info: Creating ocean model...
┌ Warning: Split barotropic-baroclinic time stepping with SplitRungeKutta3TimeStepper is experimental.
│ Use at own risk, and report any issues encountered at https://github.com/CliMA/Oceananigans.jl/issues.
└ @ Oceananigans.TimeSteppers ~/.julia/packages/Oceananigans/dV6yg/src/TimeSteppers/split_hydrostatic_runge_kutta_3.jl:59
[ Info: Setting up atmosphere...
[ Info: Loading member 5 for warm-up compilation...
[ Info: Compiling (warm-up timestep)...
[ Info: Initializing simulation...
[ Info:     ... simulation initialization complete (2.256 minutes)
[ Info: Executing initial time step...
[ Info: Simulation is stopping after running for 0 seconds.
[ Info: Simulation time 4.003 days equals or exceeds stop time 4.003 days.
[ Info:     ... initial time step complete (1.852 minutes).
[ Info: Compilation complete.
┌ Warning: Assignment to `state` in soft scope is ambiguous because a global variable by the same name exists: `state` will be treated as a new local. Disambiguate by using `local state` to suppress this warning or `global state` to assign to the existing global variable.
└ @ /global/u1/g/glwagner/DataAssimilocean.jl/single_gpu_da/distributed_da/ensemble_member.jl:100
[ Info: === Member 5 (cycle 5) ===
[ Info: Initializing simulation...
[ Info:     ... simulation initialization complete (23.223 ms)
[ Info: Executing initial time step...
[ Info:     ... initial time step complete (89.269 ms).
[ Info: Simulation is stopping after running for 17.111 seconds.
[ Info: Simulation time 5 days equals or exceeds stop time 5 days.
[ Info:   Member 5 done. T range: (-1.9013089714578928, 41.14143677970231)
[ Info: === Member 6 (cycle 5) ===
[ Info: Initializing simulation...
[ Info:     ... simulation initialization complete (18.666 ms)
[ Info: Executing initial time step...
[ Info:     ... initial time step complete (60.389 ms).
[ Info: Simulation is stopping after running for 17.454 seconds.
[ Info: Simulation time 5 days equals or exceeds stop time 5 days.
[ Info:   Member 6 done. T range: (-1.8995524788709002, 41.22000546471282)
[ Info: === Member 7 (cycle 5) ===
[ Info: Initializing simulation...
[ Info:     ... simulation initialization complete (18.661 ms)
[ Info: Executing initial time step...
[ Info:     ... initial time step complete (60.678 ms).
[ Info: Simulation is stopping after running for 17.392 seconds.
[ Info: Simulation time 5 days equals or exceeds stop time 5 days.
[ Info:   Member 7 done. T range: (-1.902899345421757, 41.14803087259241)
[ Info: === Member 8 (cycle 5) ===
[ Info: Initializing simulation...
[ Info:     ... simulation initialization complete (18.679 ms)
[ Info: Executing initial time step...
[ Info:     ... initial time step complete (60.331 ms).
[ Info: Simulation is stopping after running for 17.393 seconds.
[ Info: Simulation time 5 days equals or exceeds stop time 5 days.
[ Info:   Member 8 done. T range: (-1.8993149111959746, 41.30828738093213)
[ Info: Member forecast complete. Members 5:8 saved to /pscratch/sd/g/glwagner/DataAssimilocean/single_gpu_da/distributed_da/forecast_05
