[ Info: Ensemble member forecast
[ Info:   Cycle: 5
[ Info:   Members: 9 to 10
[ Info:   Ensemble dir: /pscratch/sd/g/glwagner/DataAssimilocean/single_gpu_da/distributed_da
[ Info:   Output dir: /pscratch/sd/g/glwagner/DataAssimilocean/single_gpu_da/distributed_da
[ Info:   Time window: 4.0 to 5.0 days
[ Info: Creating grid...
[ Info: Created grid: 400 × 280 × 50 at 0.25° resolution
[ Info: Loading cached bathymetry from /pscratch/sd/g/glwagner/DataAssimilocean/single_gpu_da/spinup/bathymetry_400x280.jld2
[ Info: Creating ocean model...
┌ Warning: Split barotropic-baroclinic time stepping with SplitRungeKutta3TimeStepper is experimental.
│ Use at own risk, and report any issues encountered at https://github.com/CliMA/Oceananigans.jl/issues.
└ @ Oceananigans.TimeSteppers ~/.julia/packages/Oceananigans/dV6yg/src/TimeSteppers/split_hydrostatic_runge_kutta_3.jl:59
[ Info: Setting up atmosphere...
[ Info: Loading member 9 for warm-up compilation...
[ Info: Compiling (warm-up timestep)...
[ Info: Initializing simulation...
[ Info:     ... simulation initialization complete (2.206 minutes)
[ Info: Executing initial time step...
[ Info: Simulation is stopping after running for 0 seconds.
[ Info: Simulation time 4.003 days equals or exceeds stop time 4.003 days.
[ Info:     ... initial time step complete (1.804 minutes).
[ Info: Compilation complete.
┌ Warning: Assignment to `state` in soft scope is ambiguous because a global variable by the same name exists: `state` will be treated as a new local. Disambiguate by using `local state` to suppress this warning or `global state` to assign to the existing global variable.
└ @ /global/u1/g/glwagner/DataAssimilocean.jl/single_gpu_da/distributed_da/ensemble_member.jl:100
[ Info: === Member 9 (cycle 5) ===
[ Info: Initializing simulation...
[ Info:     ... simulation initialization complete (24.301 ms)
[ Info: Executing initial time step...
[ Info:     ... initial time step complete (110.546 ms).
[ Info: Simulation is stopping after running for 17.311 seconds.
[ Info: Simulation time 5 days equals or exceeds stop time 5 days.
[ Info:   Member 9 done. T range: (-1.902368693637131, 41.041533219860284)
[ Info: === Member 10 (cycle 5) ===
[ Info: Initializing simulation...
[ Info:     ... simulation initialization complete (18.692 ms)
[ Info: Executing initial time step...
[ Info:     ... initial time step complete (60.438 ms).
[ Info: Simulation is stopping after running for 17.444 seconds.
[ Info: Simulation time 5 days equals or exceeds stop time 5 days.
[ Info:   Member 10 done. T range: (-1.9015739848764732, 41.246178601046836)
[ Info: Member forecast complete. Members 9:10 saved to /pscratch/sd/g/glwagner/DataAssimilocean/single_gpu_da/distributed_da/forecast_05
