[ Info: Ensemble member forecast
[ Info:   Cycle: 6
[ Info:   Members: 1 to 4
[ Info:   Ensemble dir: /pscratch/sd/g/glwagner/DataAssimilocean/single_gpu_da/distributed_da
[ Info:   Output dir: /pscratch/sd/g/glwagner/DataAssimilocean/single_gpu_da/distributed_da
[ Info:   Time window: 5.0 to 6.0 days
[ Info: Creating grid...
[ Info: Created grid: 400 × 280 × 50 at 0.25° resolution
[ Info: Loading cached bathymetry from /pscratch/sd/g/glwagner/DataAssimilocean/single_gpu_da/spinup/bathymetry_400x280.jld2
[ Info: Creating ocean model...
┌ Warning: Split barotropic-baroclinic time stepping with SplitRungeKutta3TimeStepper is experimental.
│ Use at own risk, and report any issues encountered at https://github.com/CliMA/Oceananigans.jl/issues.
└ @ Oceananigans.TimeSteppers ~/.julia/packages/Oceananigans/dV6yg/src/TimeSteppers/split_hydrostatic_runge_kutta_3.jl:59
[ Info: Setting up atmosphere...
[ Info: Loading member 1 for warm-up compilation...
[ Info: Compiling (warm-up timestep)...
[ Info: Initializing simulation...
[ Info:     ... simulation initialization complete (2.253 minutes)
[ Info: Executing initial time step...
[ Info: Simulation is stopping after running for 0 seconds.
[ Info: Simulation time 5.003 days equals or exceeds stop time 5.003 days.
[ Info:     ... initial time step complete (1.857 minutes).
[ Info: Compilation complete.
┌ Warning: Assignment to `state` in soft scope is ambiguous because a global variable by the same name exists: `state` will be treated as a new local. Disambiguate by using `local state` to suppress this warning or `global state` to assign to the existing global variable.
└ @ /global/u1/g/glwagner/DataAssimilocean.jl/single_gpu_da/distributed_da/ensemble_member.jl:100
[ Info: === Member 1 (cycle 6) ===
[ Info: Initializing simulation...
[ Info:     ... simulation initialization complete (51.647 ms)
[ Info: Executing initial time step...
[ Info:     ... initial time step complete (60.594 ms).
[ Info: Simulation is stopping after running for 17.239 seconds.
[ Info: Simulation time 6 days equals or exceeds stop time 6 days.
[ Info:   Member 1 done. T range: (-1.9004150466246204, 35.17768515024986)
[ Info: === Member 2 (cycle 6) ===
[ Info: Initializing simulation...
[ Info:     ... simulation initialization complete (18.682 ms)
[ Info: Executing initial time step...
[ Info:     ... initial time step complete (60.640 ms).
[ Info: Simulation is stopping after running for 17.526 seconds.
[ Info: Simulation time 6 days equals or exceeds stop time 6 days.
[ Info:   Member 2 done. T range: (-1.9232934572469942, 35.04861369224455)
[ Info: === Member 3 (cycle 6) ===
[ Info: Initializing simulation...
[ Info:     ... simulation initialization complete (18.670 ms)
[ Info: Executing initial time step...
[ Info:     ... initial time step complete (60.721 ms).
[ Info: Simulation is stopping after running for 17.401 seconds.
[ Info: Simulation time 6 days equals or exceeds stop time 6 days.
[ Info:   Member 3 done. T range: (-1.9302478795275038, 35.32030896973521)
[ Info: === Member 4 (cycle 6) ===
[ Info: Initializing simulation...
[ Info:     ... simulation initialization complete (18.646 ms)
[ Info: Executing initial time step...
[ Info:     ... initial time step complete (60.462 ms).
[ Info: Simulation is stopping after running for 17.410 seconds.
[ Info: Simulation time 6 days equals or exceeds stop time 6 days.
[ Info:   Member 4 done. T range: (-1.8938469936461817, 35.13441835961499)
[ Info: Member forecast complete. Members 1:4 saved to /pscratch/sd/g/glwagner/DataAssimilocean/single_gpu_da/distributed_da/forecast_06
