[ Info: Ensemble member forecast
[ Info:   Cycle: 6
[ Info:   Members: 5 to 8
[ Info:   Ensemble dir: /pscratch/sd/g/glwagner/DataAssimilocean/single_gpu_da/distributed_da
[ Info:   Output dir: /pscratch/sd/g/glwagner/DataAssimilocean/single_gpu_da/distributed_da
[ Info:   Time window: 5.0 to 6.0 days
[ Info: Creating grid...
[ Info: Created grid: 400 × 280 × 50 at 0.25° resolution
[ Info: Loading cached bathymetry from /pscratch/sd/g/glwagner/DataAssimilocean/single_gpu_da/spinup/bathymetry_400x280.jld2
[ Info: Creating ocean model...
┌ Warning: Split barotropic-baroclinic time stepping with SplitRungeKutta3TimeStepper is experimental.
│ Use at own risk, and report any issues encountered at https://github.com/CliMA/Oceananigans.jl/issues.
└ @ Oceananigans.TimeSteppers ~/.julia/packages/Oceananigans/dV6yg/src/TimeSteppers/split_hydrostatic_runge_kutta_3.jl:59
[ Info: Setting up atmosphere...
[ Info: Loading member 5 for warm-up compilation...
[ Info: Compiling (warm-up timestep)...
[ Info: Initializing simulation...
[ Info:     ... simulation initialization complete (2.223 minutes)
[ Info: Executing initial time step...
[ Info: Simulation is stopping after running for 0 seconds.
[ Info: Simulation time 5.003 days equals or exceeds stop time 5.003 days.
[ Info:     ... initial time step complete (1.808 minutes).
[ Info: Compilation complete.
┌ Warning: Assignment to `state` in soft scope is ambiguous because a global variable by the same name exists: `state` will be treated as a new local. Disambiguate by using `local state` to suppress this warning or `global state` to assign to the existing global variable.
└ @ /global/u1/g/glwagner/DataAssimilocean.jl/single_gpu_da/distributed_da/ensemble_member.jl:100
[ Info: === Member 5 (cycle 6) ===
[ Info: Initializing simulation...
[ Info:     ... simulation initialization complete (23.079 ms)
[ Info: Executing initial time step...
[ Info:     ... initial time step complete (72.432 ms).
[ Info: Simulation is stopping after running for 17.069 seconds.
[ Info: Simulation time 6 days equals or exceeds stop time 6 days.
[ Info:   Member 5 done. T range: (-1.8616647997085074, 35.16726852861886)
[ Info: === Member 6 (cycle 6) ===
[ Info: Initializing simulation...
[ Info:     ... simulation initialization complete (18.561 ms)
[ Info: Executing initial time step...
[ Info:     ... initial time step complete (60.160 ms).
[ Info: Simulation is stopping after running for 17.447 seconds.
[ Info: Simulation time 6 days equals or exceeds stop time 6 days.
[ Info:   Member 6 done. T range: (-1.8566472842149204, 34.82896152149744)
[ Info: === Member 7 (cycle 6) ===
[ Info: Initializing simulation...
[ Info:     ... simulation initialization complete (18.603 ms)
[ Info: Executing initial time step...
[ Info:     ... initial time step complete (60.657 ms).
[ Info: Simulation is stopping after running for 17.369 seconds.
[ Info: Simulation time 6 days equals or exceeds stop time 6 days.
[ Info:   Member 7 done. T range: (-1.8542754049827919, 35.65842039393641)
[ Info: === Member 8 (cycle 6) ===
[ Info: Initializing simulation...
[ Info:     ... simulation initialization complete (18.591 ms)
[ Info: Executing initial time step...
[ Info:     ... initial time step complete (60.375 ms).
[ Info: Simulation is stopping after running for 17.317 seconds.
[ Info: Simulation time 6 days equals or exceeds stop time 6 days.
[ Info:   Member 8 done. T range: (-1.8863543706358845, 35.236651603609985)
[ Info: Member forecast complete. Members 5:8 saved to /pscratch/sd/g/glwagner/DataAssimilocean/single_gpu_da/distributed_da/forecast_06
