[ Info: Ensemble member forecast
[ Info:   Cycle: 7
[ Info:   Members: 1 to 4
[ Info:   Ensemble dir: /pscratch/sd/g/glwagner/DataAssimilocean/single_gpu_da/distributed_da
[ Info:   Output dir: /pscratch/sd/g/glwagner/DataAssimilocean/single_gpu_da/distributed_da
[ Info:   Time window: 6.0 to 7.0 days
[ Info: Creating grid...
[ Info: Created grid: 400 × 280 × 50 at 0.25° resolution
[ Info: Loading cached bathymetry from /pscratch/sd/g/glwagner/DataAssimilocean/single_gpu_da/spinup/bathymetry_400x280.jld2
[ Info: Creating ocean model...
┌ Warning: Split barotropic-baroclinic time stepping with SplitRungeKutta3TimeStepper is experimental.
│ Use at own risk, and report any issues encountered at https://github.com/CliMA/Oceananigans.jl/issues.
└ @ Oceananigans.TimeSteppers ~/.julia/packages/Oceananigans/dV6yg/src/TimeSteppers/split_hydrostatic_runge_kutta_3.jl:59
[ Info: Setting up atmosphere...
[ Info: Loading member 1 for warm-up compilation...
[ Info: Compiling (warm-up timestep)...
[ Info: Initializing simulation...
[ Info:     ... simulation initialization complete (2.248 minutes)
[ Info: Executing initial time step...
[ Info: Simulation is stopping after running for 0 seconds.
[ Info: Simulation time 6.003 days equals or exceeds stop time 6.003 days.
[ Info:     ... initial time step complete (1.844 minutes).
[ Info: Compilation complete.
┌ Warning: Assignment to `state` in soft scope is ambiguous because a global variable by the same name exists: `state` will be treated as a new local. Disambiguate by using `local state` to suppress this warning or `global state` to assign to the existing global variable.
└ @ /global/u1/g/glwagner/DataAssimilocean.jl/single_gpu_da/distributed_da/ensemble_member.jl:100
[ Info: === Member 1 (cycle 7) ===
[ Info: Initializing simulation...
[ Info:     ... simulation initialization complete (18.947 ms)
[ Info: Executing initial time step...
[ Info:     ... initial time step complete (60.189 ms).
[ Info: Simulation is stopping after running for 17.112 seconds.
[ Info: Simulation time 7 days equals or exceeds stop time 7 days.
[ Info:   Member 1 done. T range: (-2.2876981943008974, 52.78596249202116)
[ Info: === Member 2 (cycle 7) ===
[ Info: Initializing simulation...
[ Info:     ... simulation initialization complete (18.765 ms)
[ Info: Executing initial time step...
[ Info:     ... initial time step complete (60.714 ms).
[ Info: Simulation is stopping after running for 17.526 seconds.
[ Info: Simulation time 7 days equals or exceeds stop time 7 days.
[ Info:   Member 2 done. T range: (-2.2660736504283943, 51.604710372144325)
[ Info: === Member 3 (cycle 7) ===
[ Info: Initializing simulation...
[ Info:     ... simulation initialization complete (18.794 ms)
[ Info: Executing initial time step...
[ Info:     ... initial time step complete (60.613 ms).
[ Info: Simulation is stopping after running for 17.411 seconds.
[ Info: Simulation time 7 days equals or exceeds stop time 7 days.
[ Info:   Member 3 done. T range: (-2.346313311879771, 52.19098910928469)
[ Info: === Member 4 (cycle 7) ===
[ Info: Initializing simulation...
[ Info:     ... simulation initialization complete (18.763 ms)
[ Info: Executing initial time step...
[ Info:     ... initial time step complete (60.757 ms).
[ Info: Simulation is stopping after running for 17.440 seconds.
[ Info: Simulation time 7 days equals or exceeds stop time 7 days.
[ Info:   Member 4 done. T range: (-2.360216038410531, 51.461295868143516)
[ Info: Member forecast complete. Members 1:4 saved to /pscratch/sd/g/glwagner/DataAssimilocean/single_gpu_da/distributed_da/forecast_07
