[ Info: Ensemble member forecast
[ Info:   Cycle: 7
[ Info:   Members: 5 to 8
[ Info:   Ensemble dir: /pscratch/sd/g/glwagner/DataAssimilocean/single_gpu_da/distributed_da
[ Info:   Output dir: /pscratch/sd/g/glwagner/DataAssimilocean/single_gpu_da/distributed_da
[ Info:   Time window: 6.0 to 7.0 days
[ Info: Creating grid...
[ Info: Created grid: 400 × 280 × 50 at 0.25° resolution
[ Info: Loading cached bathymetry from /pscratch/sd/g/glwagner/DataAssimilocean/single_gpu_da/spinup/bathymetry_400x280.jld2
[ Info: Creating ocean model...
┌ Warning: Split barotropic-baroclinic time stepping with SplitRungeKutta3TimeStepper is experimental.
│ Use at own risk, and report any issues encountered at https://github.com/CliMA/Oceananigans.jl/issues.
└ @ Oceananigans.TimeSteppers ~/.julia/packages/Oceananigans/dV6yg/src/TimeSteppers/split_hydrostatic_runge_kutta_3.jl:59
[ Info: Setting up atmosphere...
[ Info: Loading member 5 for warm-up compilation...
[ Info: Compiling (warm-up timestep)...
[ Info: Initializing simulation...
[ Info:     ... simulation initialization complete (2.266 minutes)
[ Info: Executing initial time step...
[ Info: Simulation is stopping after running for 0 seconds.
[ Info: Simulation time 6.003 days equals or exceeds stop time 6.003 days.
[ Info:     ... initial time step complete (1.851 minutes).
[ Info: Compilation complete.
┌ Warning: Assignment to `state` in soft scope is ambiguous because a global variable by the same name exists: `state` will be treated as a new local. Disambiguate by using `local state` to suppress this warning or `global state` to assign to the existing global variable.
└ @ /global/u1/g/glwagner/DataAssimilocean.jl/single_gpu_da/distributed_da/ensemble_member.jl:100
[ Info: === Member 5 (cycle 7) ===
[ Info: Initializing simulation...
[ Info:     ... simulation initialization complete (23.246 ms)
[ Info: Executing initial time step...
[ Info:     ... initial time step complete (72.276 ms).
[ Info: Simulation is stopping after running for 17.086 seconds.
[ Info: Simulation time 7 days equals or exceeds stop time 7 days.
[ Info:   Member 5 done. T range: (-2.2902253986874457, 51.60062111292091)
[ Info: === Member 6 (cycle 7) ===
[ Info: Initializing simulation...
[ Info:     ... simulation initialization complete (18.615 ms)
[ Info: Executing initial time step...
[ Info:     ... initial time step complete (60.223 ms).
[ Info: Simulation is stopping after running for 17.472 seconds.
[ Info: Simulation time 7 days equals or exceeds stop time 7 days.
[ Info:   Member 6 done. T range: (-2.3065445504908566, 51.67154137675469)
[ Info: === Member 7 (cycle 7) ===
[ Info: Initializing simulation...
[ Info:     ... simulation initialization complete (18.709 ms)
[ Info: Executing initial time step...
[ Info:     ... initial time step complete (60.413 ms).
[ Info: Simulation is stopping after running for 17.384 seconds.
[ Info: Simulation time 7 days equals or exceeds stop time 7 days.
[ Info:   Member 7 done. T range: (-2.34674357303599, 53.219551268869594)
[ Info: === Member 8 (cycle 7) ===
[ Info: Initializing simulation...
[ Info:     ... simulation initialization complete (18.758 ms)
[ Info: Executing initial time step...
[ Info:     ... initial time step complete (60.414 ms).
[ Info: Simulation is stopping after running for 17.381 seconds.
[ Info: Simulation time 7 days equals or exceeds stop time 7 days.
[ Info:   Member 8 done. T range: (-2.3663276473838786, 51.42611239147924)
[ Info: Member forecast complete. Members 5:8 saved to /pscratch/sd/g/glwagner/DataAssimilocean/single_gpu_da/distributed_da/forecast_07
