[ Info: Ensemble member forecast
[ Info:   Cycle: 8
[ Info:   Members: 1 to 4
[ Info:   Ensemble dir: /pscratch/sd/g/glwagner/DataAssimilocean/single_gpu_da/distributed_da
[ Info:   Output dir: /pscratch/sd/g/glwagner/DataAssimilocean/single_gpu_da/distributed_da
[ Info:   Time window: 7.0 to 8.0 days
[ Info: Creating grid...
[ Info: Created grid: 400 × 280 × 50 at 0.25° resolution
[ Info: Loading cached bathymetry from /pscratch/sd/g/glwagner/DataAssimilocean/single_gpu_da/spinup/bathymetry_400x280.jld2
[ Info: Creating ocean model...
┌ Warning: Split barotropic-baroclinic time stepping with SplitRungeKutta3TimeStepper is experimental.
│ Use at own risk, and report any issues encountered at https://github.com/CliMA/Oceananigans.jl/issues.
└ @ Oceananigans.TimeSteppers ~/.julia/packages/Oceananigans/dV6yg/src/TimeSteppers/split_hydrostatic_runge_kutta_3.jl:59
[ Info: Setting up atmosphere...
[ Info: Loading member 1 for warm-up compilation...
[ Info: Compiling (warm-up timestep)...
[ Info: Initializing simulation...
[ Info:     ... simulation initialization complete (2.274 minutes)
[ Info: Executing initial time step...
[ Info: Simulation is stopping after running for 0 seconds.
[ Info: Simulation time 7.003 days equals or exceeds stop time 7.003 days.
[ Info:     ... initial time step complete (1.864 minutes).
[ Info: Compilation complete.
┌ Warning: Assignment to `state` in soft scope is ambiguous because a global variable by the same name exists: `state` will be treated as a new local. Disambiguate by using `local state` to suppress this warning or `global state` to assign to the existing global variable.
└ @ /global/u1/g/glwagner/DataAssimilocean.jl/single_gpu_da/distributed_da/ensemble_member.jl:100
[ Info: === Member 1 (cycle 8) ===
[ Info: Initializing simulation...
[ Info:     ... simulation initialization complete (20.471 ms)
[ Info: Executing initial time step...
[ Info:     ... initial time step complete (88.717 ms).
[ Info: Simulation is stopping after running for 17.122 seconds.
[ Info: Simulation time 8 days equals or exceeds stop time 8 days.
[ Info:   Member 1 done. T range: (-1.9865007563522603, 44.99888554395954)
[ Info: === Member 2 (cycle 8) ===
[ Info: Initializing simulation...
[ Info:     ... simulation initialization complete (18.456 ms)
[ Info: Executing initial time step...
[ Info:     ... initial time step complete (60.251 ms).
[ Info: Simulation is stopping after running for 17.484 seconds.
[ Info: Simulation time 8 days equals or exceeds stop time 8 days.
[ Info:   Member 2 done. T range: (-1.9861708180233142, 44.013080733470645)
[ Info: === Member 3 (cycle 8) ===
[ Info: Initializing simulation...
[ Info:     ... simulation initialization complete (18.635 ms)
[ Info: Executing initial time step...
[ Info:     ... initial time step complete (60.559 ms).
[ Info: Simulation is stopping after running for 17.408 seconds.
[ Info: Simulation time 8 days equals or exceeds stop time 8 days.
[ Info:   Member 3 done. T range: (-1.956552212071125, 44.12801497686732)
[ Info: === Member 4 (cycle 8) ===
[ Info: Initializing simulation...
[ Info:     ... simulation initialization complete (18.640 ms)
[ Info: Executing initial time step...
[ Info:     ... initial time step complete (60.424 ms).
[ Info: Simulation is stopping after running for 17.429 seconds.
[ Info: Simulation time 8 days equals or exceeds stop time 8 days.
[ Info:   Member 4 done. T range: (-1.9924702235206924, 44.071365774103256)
[ Info: Member forecast complete. Members 1:4 saved to /pscratch/sd/g/glwagner/DataAssimilocean/single_gpu_da/distributed_da/forecast_08
