[ Info: Ensemble member forecast
[ Info:   Cycle: 9
[ Info:   Members: 5 to 8
[ Info:   Ensemble dir: /pscratch/sd/g/glwagner/DataAssimilocean/single_gpu_da/distributed_da
[ Info:   Output dir: /pscratch/sd/g/glwagner/DataAssimilocean/single_gpu_da/distributed_da
[ Info:   Time window: 8.0 to 9.0 days
[ Info: Creating grid...
[ Info: Created grid: 400 × 280 × 50 at 0.25° resolution
[ Info: Loading cached bathymetry from /pscratch/sd/g/glwagner/DataAssimilocean/single_gpu_da/spinup/bathymetry_400x280.jld2
[ Info: Creating ocean model...
┌ Warning: Split barotropic-baroclinic time stepping with SplitRungeKutta3TimeStepper is experimental.
│ Use at own risk, and report any issues encountered at https://github.com/CliMA/Oceananigans.jl/issues.
└ @ Oceananigans.TimeSteppers ~/.julia/packages/Oceananigans/dV6yg/src/TimeSteppers/split_hydrostatic_runge_kutta_3.jl:59
[ Info: Setting up atmosphere...
[ Info: Loading member 5 for warm-up compilation...
[ Info: Compiling (warm-up timestep)...
[ Info: Initializing simulation...
[ Info:     ... simulation initialization complete (2.250 minutes)
[ Info: Executing initial time step...
[ Info: Simulation is stopping after running for 0 seconds.
[ Info: Simulation time 8.003 days equals or exceeds stop time 8.003 days.
[ Info:     ... initial time step complete (1.855 minutes).
[ Info: Compilation complete.
┌ Warning: Assignment to `state` in soft scope is ambiguous because a global variable by the same name exists: `state` will be treated as a new local. Disambiguate by using `local state` to suppress this warning or `global state` to assign to the existing global variable.
└ @ /global/u1/g/glwagner/DataAssimilocean.jl/single_gpu_da/distributed_da/ensemble_member.jl:100
[ Info: === Member 5 (cycle 9) ===
[ Info: Initializing simulation...
[ Info:     ... simulation initialization complete (23.934 ms)
[ Info: Executing initial time step...
[ Info:     ... initial time step complete (73.694 ms).
[ Info: Simulation is stopping after running for 17.168 seconds.
[ Info: Simulation time 9 days equals or exceeds stop time 9 days.
[ Info:   Member 5 done. T range: (-1.983324930472647, 40.81500928060458)
[ Info: === Member 6 (cycle 9) ===
[ Info: Initializing simulation...
[ Info:     ... simulation initialization complete (18.535 ms)
[ Info: Executing initial time step...
[ Info:     ... initial time step complete (60.792 ms).
[ Info: Simulation is stopping after running for 17.522 seconds.
[ Info: Simulation time 9 days equals or exceeds stop time 9 days.
[ Info:   Member 6 done. T range: (-1.9795600436790326, 40.76282381635442)
[ Info: === Member 7 (cycle 9) ===
[ Info: Initializing simulation...
[ Info:     ... simulation initialization complete (18.665 ms)
[ Info: Executing initial time step...
[ Info:     ... initial time step complete (60.336 ms).
[ Info: Simulation is stopping after running for 17.360 seconds.
[ Info: Simulation time 9 days equals or exceeds stop time 9 days.
[ Info:   Member 7 done. T range: (-1.9778754638485951, 41.1069439130034)
[ Info: === Member 8 (cycle 9) ===
[ Info: Initializing simulation...
[ Info:     ... simulation initialization complete (18.426 ms)
[ Info: Executing initial time step...
[ Info:     ... initial time step complete (59.959 ms).
[ Info: Simulation is stopping after running for 17.440 seconds.
[ Info: Simulation time 9 days equals or exceeds stop time 9 days.
[ Info:   Member 8 done. T range: (-1.983131146477329, 40.79272840262908)
[ Info: Member forecast complete. Members 5:8 saved to /pscratch/sd/g/glwagner/DataAssimilocean/single_gpu_da/distributed_da/forecast_09
